producer_class	xtools.gsea.GseaPreranked
producer_timestamp	1637940191536
param	rpt_label	my_analysis
param	rnd_seed	timestamp
param	set_min	15
param	zip_report	false
param	create_svgs	false
param	scoring_scheme	classic
param	rnk	/Users/manikg/Desktop/Melanoma/Shruthy/rankedList_GRAMD1B.rnk
param	norm	meandiv
param	out	/Users/manikg/Desktop/Melanoma/Shruthy
param	mode	Max_probe
param	include_only_symbols	true
param	help	false
param	set_max	500
param	gmx	ftp.broadinstitute.org://pub/gsea/gene_sets/h.all.v7.4.symbols.gmt
param	make_sets	true
param	plot_top_x	20
param	gui	false
param	nperm	1000
param	collapse	No_Collapse

file	/Users/manikg/Desktop/Melanoma/Shruthy/my_analysis.GseaPreranked.1637940191536/index.html
